<?xml version="1.0" encoding="UTF-8"?>
<!-- Generated by org.testng.reporters.JUnitReportReporter -->
<testsuite hostname="bhvi7" failures="0" tests="5" name="practice.CalcTest" time="0.026" errors="0" timestamp="13 Sep 2022 12:22:56 GMT">
  <testcase classname="practice.CalcTest" name="subTest" time="0.001"/>
  <testcase classname="practice.CalcTest" name="test" time="0.003"/>
  <testcase classname="practice.CalcTest" name="divTest" time="0.019"/>
  <testcase classname="practice.CalcTest" name="sumTest" time="0.002"/>
  <testcase classname="practice.CalcTest" name="mulTest" time="0.001"/>
</testsuite>
