<?xml version="1.0" encoding="UTF-8"?>
<!-- Generated by org.testng.reporters.JUnitReportReporter -->
<testsuite hostname="bhvi7" failures="0" tests="1" name="practice.LetsCodeIt" time="0.935" errors="0" timestamp="15 Sep 2022 10:30:17 GMT">
  <testcase classname="practice.LetsCodeIt" name="testMethodCheckBoxes" time="0.935"/>
</testsuite>
