<?xml version="1.0" encoding="UTF-8"?>
<!-- Generated by org.testng.reporters.JUnitReportReporter -->
<testsuite hostname="bhvi7" failures="0" tests="1" name="log4Jocdes.TestNG_TestCase" time="0.005" errors="0" timestamp="8 Sep 2022 03:06:27 GMT">
  <testcase classname="log4Jocdes.TestNG_TestCase" name="testMethod" time="0.005"/>
</testsuite>
