<?xml version="1.0" encoding="UTF-8"?>
<!-- Generated by org.testng.reporters.JUnitReportReporter -->
<testsuite hostname="bhvi7" failures="0" tests="2" name="practice.DataProviderClass" time="0.024" errors="0" timestamp="15 Sep 2022 02:44:07 GMT">
  <testcase classname="practice.DataProviderClass" name="getData" time="0.022"/>
  <testcase classname="practice.DataProviderClass" name="getData" time="0.002"/>
</testsuite>
